<?xml version="1.0" encoding="UTF-8"?>
<testsuite name="CharacterTestSuite" tests="2" skipped="0" failures="0" errors="0" timestamp="2021-02-02T08:49:55" hostname="DESKTOP-20SP2NA" time="0.054">
  <properties/>
  <testcase name="testAttack()" classname="CharacterTestSuite" time="0.048"/>
  <testcase name="testCharacterFactory()" classname="CharacterTestSuite" time="0.005"/>
  <system-out><![CDATA[KuĹ›ka killed Jabajbaj
Don Chichot killed Kirk Javorsky
Kirk Javorsky killed KuĹ›ka
Jabajbaj killed Don Chichot
]]></system-out>
  <system-err><![CDATA[]]></system-err>
</testsuite>
